<?xml version="1.0" encoding="UTF-8"?>
<suite name="Suite" parallel = "tests">
	<test name="Validating Issue API's">
		<classes>
			<class name="cucumber.Options.TestRunner" />
		</classes>
	</test>
</suite>




